[23.04.2023 15:39:31,888] [main] INFO  org.jgap.gp.impl.GPGenotype  - Creating initial population
[23.04.2023 15:39:31,893] [main] INFO  org.jgap.gp.impl.GPGenotype  - Mem free: 10.0 MB
[23.04.2023 15:39:31,902] [main] INFO  org.jgap.gp.impl.GPPopulation  - Prototype program set
[23.04.2023 15:39:32,145] [main] INFO  org.jgap.gp.impl.GPGenotype  - Mem free after creating population: 14.0 MB
[23.04.2023 15:39:32,148] [main] INFO  org.jgap.gp.impl.GPGenotype  - Your configuration does not contain unused commands, this is good
[23.04.2023 15:40:48,398] [main] INFO  org.jgap.gp.impl.GPGenotype  - Creating initial population
[23.04.2023 15:40:48,403] [main] INFO  org.jgap.gp.impl.GPGenotype  - Mem free: 10.0 MB
[23.04.2023 15:40:48,414] [main] INFO  org.jgap.gp.impl.GPPopulation  - Prototype program set
[23.04.2023 15:40:48,670] [main] INFO  org.jgap.gp.impl.GPGenotype  - Mem free after creating population: 10.0 MB
[23.04.2023 15:40:48,673] [main] INFO  org.jgap.gp.impl.GPGenotype  - Your configuration does not contain unused commands, this is good
[23.04.2023 15:40:59,665] [main] INFO  org.jgap.gp.impl.GPGenotype  - Creating initial population
[23.04.2023 15:40:59,669] [main] INFO  org.jgap.gp.impl.GPGenotype  - Mem free: 10.0 MB
[23.04.2023 15:40:59,681] [main] INFO  org.jgap.gp.impl.GPPopulation  - Prototype program set
[23.04.2023 15:40:59,940] [main] INFO  org.jgap.gp.impl.GPGenotype  - Mem free after creating population: 10.0 MB
[23.04.2023 15:40:59,942] [main] INFO  org.jgap.gp.impl.GPGenotype  - Your configuration does not contain unused commands, this is good
[23.04.2023 15:42:21,945] [main] INFO  org.jgap.gp.impl.GPGenotype  - Creating initial population
[23.04.2023 15:42:21,950] [main] INFO  org.jgap.gp.impl.GPGenotype  - Mem free: 10.0 MB
[23.04.2023 15:42:21,960] [main] INFO  org.jgap.gp.impl.GPPopulation  - Prototype program set
[23.04.2023 15:42:22,223] [main] INFO  org.jgap.gp.impl.GPGenotype  - Mem free after creating population: 10.0 MB
[23.04.2023 15:42:22,225] [main] INFO  org.jgap.gp.impl.GPGenotype  - Your configuration does not contain unused commands, this is good
[23.04.2023 15:52:43,870] [main] INFO  org.jgap.gp.impl.GPGenotype  - Creating initial population
[23.04.2023 15:52:43,878] [main] INFO  org.jgap.gp.impl.GPGenotype  - Mem free: 10.0 MB
[23.04.2023 15:52:43,897] [main] INFO  org.jgap.gp.impl.GPPopulation  - Prototype program set
[23.04.2023 15:52:44,143] [main] INFO  org.jgap.gp.impl.GPGenotype  - Mem free after creating population: 10.0 MB
[23.04.2023 15:52:44,144] [main] INFO  org.jgap.gp.impl.GPGenotype  - Your configuration does not contain unused commands, this is good
[23.04.2023 15:53:43,044] [main] INFO  org.jgap.gp.impl.GPGenotype  - Creating initial population
[23.04.2023 15:53:43,048] [main] INFO  org.jgap.gp.impl.GPGenotype  - Mem free: 10.0 MB
[23.04.2023 15:53:43,058] [main] INFO  org.jgap.gp.impl.GPPopulation  - Prototype program set
[23.04.2023 15:53:43,119] [main] INFO  org.jgap.gp.impl.GPGenotype  - Mem free after creating population: 10.0 MB
[23.04.2023 15:53:43,123] [main] INFO  org.jgap.gp.impl.GPGenotype  - Your configuration does not contain unused commands, this is good
[23.04.2023 15:54:06,988] [main] INFO  org.jgap.gp.impl.GPGenotype  - Creating initial population
[23.04.2023 15:54:06,993] [main] INFO  org.jgap.gp.impl.GPGenotype  - Mem free: 10.0 MB
[23.04.2023 15:54:07,005] [main] INFO  org.jgap.gp.impl.GPPopulation  - Prototype program set
[23.04.2023 15:54:07,075] [main] INFO  org.jgap.gp.impl.GPGenotype  - Mem free after creating population: 10.0 MB
[23.04.2023 15:54:07,077] [main] INFO  org.jgap.gp.impl.GPGenotype  - Your configuration does not contain unused commands, this is good
[23.04.2023 15:54:16,401] [main] INFO  org.jgap.gp.impl.GPGenotype  - Creating initial population
[23.04.2023 15:54:16,408] [main] INFO  org.jgap.gp.impl.GPGenotype  - Mem free: 10.0 MB
[23.04.2023 15:54:16,417] [main] INFO  org.jgap.gp.impl.GPPopulation  - Prototype program set
[23.04.2023 15:54:16,490] [main] INFO  org.jgap.gp.impl.GPGenotype  - Mem free after creating population: 10.0 MB
[23.04.2023 15:54:16,493] [main] INFO  org.jgap.gp.impl.GPGenotype  - Your configuration does not contain unused commands, this is good
[25.04.2023 00:10:27,174] [main] INFO  org.jgap.gp.impl.GPGenotype  - Creating initial population
[25.04.2023 00:10:27,178] [main] INFO  org.jgap.gp.impl.GPGenotype  - Mem free: 28.0 MB
[25.04.2023 00:10:27,185] [main] INFO  org.jgap.gp.impl.GPPopulation  - Prototype program set
[25.04.2023 00:10:27,425] [main] INFO  org.jgap.gp.impl.GPGenotype  - Mem free after creating population: 14.0 MB
[25.04.2023 00:10:27,427] [main] INFO  org.jgap.gp.impl.GPGenotype  - Your configuration does not contain unused commands, this is good
[25.04.2023 00:10:42,202] [main] INFO  org.jgap.gp.impl.GPGenotype  - Creating initial population
[25.04.2023 00:10:42,207] [main] INFO  org.jgap.gp.impl.GPGenotype  - Mem free: 28.0 MB
[25.04.2023 00:10:42,215] [main] INFO  org.jgap.gp.impl.GPPopulation  - Prototype program set
[25.04.2023 00:10:42,469] [main] INFO  org.jgap.gp.impl.GPGenotype  - Mem free after creating population: 14.0 MB
[25.04.2023 00:10:42,471] [main] INFO  org.jgap.gp.impl.GPGenotype  - Your configuration does not contain unused commands, this is good
[25.04.2023 00:11:46,319] [main] INFO  org.jgap.gp.impl.GPGenotype  - Creating initial population
[25.04.2023 00:11:46,323] [main] INFO  org.jgap.gp.impl.GPGenotype  - Mem free: 28.0 MB
[25.04.2023 00:11:46,331] [main] INFO  org.jgap.gp.impl.GPPopulation  - Prototype program set
[25.04.2023 00:11:46,565] [main] INFO  org.jgap.gp.impl.GPGenotype  - Mem free after creating population: 14.0 MB
[25.04.2023 00:11:46,567] [main] INFO  org.jgap.gp.impl.GPGenotype  - Your configuration does not contain unused commands, this is good
[25.04.2023 00:12:22,030] [main] INFO  org.jgap.gp.impl.GPGenotype  - Creating initial population
[25.04.2023 00:12:22,033] [main] INFO  org.jgap.gp.impl.GPGenotype  - Mem free: 28.0 MB
[25.04.2023 00:12:22,041] [main] INFO  org.jgap.gp.impl.GPPopulation  - Prototype program set
[25.04.2023 00:12:22,273] [main] INFO  org.jgap.gp.impl.GPGenotype  - Mem free after creating population: 14.0 MB
[25.04.2023 00:12:22,275] [main] INFO  org.jgap.gp.impl.GPGenotype  - Your configuration does not contain unused commands, this is good
[26.04.2023 10:54:19,668] [main] INFO  org.jgap.gp.impl.GPGenotype  - Creating initial population
[26.04.2023 10:54:19,673] [main] INFO  org.jgap.gp.impl.GPGenotype  - Mem free: 10.0 MB
[26.04.2023 10:54:19,681] [main] INFO  org.jgap.gp.impl.GPPopulation  - Prototype program set
[26.04.2023 10:54:19,742] [main] INFO  org.jgap.gp.impl.GPGenotype  - Mem free after creating population: 14.0 MB
[26.04.2023 10:54:19,745] [main] INFO  org.jgap.gp.impl.GPGenotype  - Your configuration does not contain unused commands, this is good
[26.04.2023 10:54:25,931] [main] INFO  org.jgap.gp.impl.GPGenotype  - Creating initial population
[26.04.2023 10:54:25,936] [main] INFO  org.jgap.gp.impl.GPGenotype  - Mem free: 10.0 MB
[26.04.2023 10:54:25,945] [main] INFO  org.jgap.gp.impl.GPPopulation  - Prototype program set
[26.04.2023 10:54:26,005] [main] INFO  org.jgap.gp.impl.GPGenotype  - Mem free after creating population: 10.0 MB
[26.04.2023 10:54:26,007] [main] INFO  org.jgap.gp.impl.GPGenotype  - Your configuration does not contain unused commands, this is good
[26.04.2023 10:54:49,544] [main] INFO  org.jgap.gp.impl.GPGenotype  - Creating initial population
[26.04.2023 10:54:49,548] [main] INFO  org.jgap.gp.impl.GPGenotype  - Mem free: 10.0 MB
[26.04.2023 10:54:49,558] [main] INFO  org.jgap.gp.impl.GPPopulation  - Prototype program set
[26.04.2023 10:54:49,616] [main] INFO  org.jgap.gp.impl.GPGenotype  - Mem free after creating population: 10.0 MB
[26.04.2023 10:54:49,622] [main] INFO  org.jgap.gp.impl.GPGenotype  - Your configuration does not contain unused commands, this is good
[26.04.2023 10:55:26,135] [main] INFO  org.jgap.gp.impl.GPGenotype  - Creating initial population
[26.04.2023 10:55:26,139] [main] INFO  org.jgap.gp.impl.GPGenotype  - Mem free: 10.0 MB
[26.04.2023 10:55:26,149] [main] INFO  org.jgap.gp.impl.GPPopulation  - Prototype program set
[26.04.2023 10:55:26,213] [main] INFO  org.jgap.gp.impl.GPGenotype  - Mem free after creating population: 10.0 MB
[26.04.2023 10:55:26,217] [main] INFO  org.jgap.gp.impl.GPGenotype  - Your configuration does not contain unused commands, this is good
[26.04.2023 10:55:30,828] [main] INFO  org.jgap.gp.impl.GPGenotype  - Creating initial population
[26.04.2023 10:55:30,834] [main] INFO  org.jgap.gp.impl.GPGenotype  - Mem free: 10.0 MB
[26.04.2023 10:55:30,846] [main] INFO  org.jgap.gp.impl.GPPopulation  - Prototype program set
[26.04.2023 10:55:30,913] [main] INFO  org.jgap.gp.impl.GPGenotype  - Mem free after creating population: 10.0 MB
[26.04.2023 10:55:30,915] [main] INFO  org.jgap.gp.impl.GPGenotype  - Your configuration does not contain unused commands, this is good
[26.04.2023 11:29:43,517] [main] INFO  org.jgap.gp.impl.GPGenotype  - Creating initial population
[26.04.2023 11:29:43,519] [main] INFO  org.jgap.gp.impl.GPGenotype  - Mem free: 28.0 MB
[26.04.2023 11:29:43,524] [main] INFO  org.jgap.gp.impl.GPPopulation  - Prototype program set
[26.04.2023 11:29:43,571] [main] INFO  org.jgap.gp.impl.GPGenotype  - Mem free after creating population: 14.0 MB
[26.04.2023 11:42:51,536] [main] INFO  org.jgap.gp.impl.GPGenotype  - Creating initial population
[26.04.2023 11:42:51,540] [main] INFO  org.jgap.gp.impl.GPGenotype  - Mem free: 34.0 MB
[26.04.2023 11:42:51,547] [main] INFO  org.jgap.gp.impl.GPPopulation  - Prototype program set
[26.04.2023 11:42:51,617] [main] INFO  org.jgap.gp.impl.GPGenotype  - Mem free after creating population: 14.0 MB
[26.04.2023 11:43:30,289] [main] INFO  org.jgap.gp.impl.GPGenotype  - Creating initial population
[26.04.2023 11:43:30,292] [main] INFO  org.jgap.gp.impl.GPGenotype  - Mem free: 28.0 MB
[26.04.2023 11:43:30,300] [main] INFO  org.jgap.gp.impl.GPPopulation  - Prototype program set
[26.04.2023 11:43:30,371] [main] INFO  org.jgap.gp.impl.GPGenotype  - Mem free after creating population: 14.0 MB
[26.04.2023 11:44:15,136] [main] INFO  org.jgap.gp.impl.GPGenotype  - Creating initial population
[26.04.2023 11:44:15,141] [main] INFO  org.jgap.gp.impl.GPGenotype  - Mem free: 34.0 MB
[26.04.2023 11:44:15,146] [main] INFO  org.jgap.gp.impl.GPPopulation  - Prototype program set
[26.04.2023 11:44:15,200] [main] INFO  org.jgap.gp.impl.GPGenotype  - Mem free after creating population: 14.0 MB
[26.04.2023 11:46:06,429] [main] INFO  org.jgap.gp.impl.GPGenotype  - Creating initial population
[26.04.2023 11:46:06,433] [main] INFO  org.jgap.gp.impl.GPGenotype  - Mem free: 34.0 MB
[26.04.2023 11:46:06,440] [main] INFO  org.jgap.gp.impl.GPPopulation  - Prototype program set
[26.04.2023 11:46:06,614] [main] INFO  org.jgap.gp.impl.GPGenotype  - Mem free after creating population: 14.0 MB
[26.04.2023 11:46:06,616] [main] INFO  org.jgap.gp.impl.GPGenotype  - Your configuration does not contain unused commands, this is good
[26.04.2023 11:46:50,694] [main] INFO  org.jgap.gp.impl.GPGenotype  - Creating initial population
[26.04.2023 11:46:50,697] [main] INFO  org.jgap.gp.impl.GPGenotype  - Mem free: 34.0 MB
[26.04.2023 11:46:50,704] [main] INFO  org.jgap.gp.impl.GPPopulation  - Prototype program set
[26.04.2023 11:46:50,755] [main] INFO  org.jgap.gp.impl.GPGenotype  - Mem free after creating population: 14.0 MB
[26.04.2023 11:50:12,854] [main] INFO  org.jgap.gp.impl.GPGenotype  - Creating initial population
[26.04.2023 11:50:12,857] [main] INFO  org.jgap.gp.impl.GPGenotype  - Mem free: 34.0 MB
[26.04.2023 11:50:12,862] [main] INFO  org.jgap.gp.impl.GPPopulation  - Prototype program set
[26.04.2023 11:50:12,915] [main] INFO  org.jgap.gp.impl.GPGenotype  - Mem free after creating population: 14.0 MB
[26.04.2023 11:50:17,914] [main] INFO  org.jgap.gp.impl.GPGenotype  - Creating initial population
[26.04.2023 11:50:17,918] [main] INFO  org.jgap.gp.impl.GPGenotype  - Mem free: 28.0 MB
[26.04.2023 11:50:17,925] [main] INFO  org.jgap.gp.impl.GPPopulation  - Prototype program set
[26.04.2023 11:50:17,982] [main] INFO  org.jgap.gp.impl.GPGenotype  - Mem free after creating population: 14.0 MB
[26.04.2023 11:50:42,485] [main] INFO  org.jgap.gp.impl.GPGenotype  - Creating initial population
[26.04.2023 11:50:42,490] [main] INFO  org.jgap.gp.impl.GPGenotype  - Mem free: 34.0 MB
[26.04.2023 11:50:42,496] [main] INFO  org.jgap.gp.impl.GPPopulation  - Prototype program set
[26.04.2023 11:50:42,556] [main] INFO  org.jgap.gp.impl.GPGenotype  - Mem free after creating population: 14.0 MB
[26.04.2023 11:59:22,871] [main] INFO  org.jgap.gp.impl.GPGenotype  - Creating initial population
[26.04.2023 11:59:22,875] [main] INFO  org.jgap.gp.impl.GPGenotype  - Mem free: 34.0 MB
[26.04.2023 11:59:22,882] [main] INFO  org.jgap.gp.impl.GPPopulation  - Prototype program set
[26.04.2023 11:59:23,079] [main] INFO  org.jgap.gp.impl.GPGenotype  - Mem free after creating population: 14.0 MB
[26.04.2023 11:59:23,081] [main] INFO  org.jgap.gp.impl.GPGenotype  - Your configuration does not contain unused commands, this is good
[26.04.2023 12:00:14,493] [main] INFO  org.jgap.gp.impl.GPGenotype  - Creating initial population
[26.04.2023 12:00:14,495] [main] INFO  org.jgap.gp.impl.GPGenotype  - Mem free: 34.0 MB
[26.04.2023 12:00:14,500] [main] INFO  org.jgap.gp.impl.GPPopulation  - Prototype program set
[26.04.2023 12:00:14,548] [main] INFO  org.jgap.gp.impl.GPGenotype  - Mem free after creating population: 14.0 MB
[26.04.2023 12:04:53,016] [main] INFO  org.jgap.gp.impl.GPGenotype  - Creating initial population
[26.04.2023 12:04:53,021] [main] INFO  org.jgap.gp.impl.GPGenotype  - Mem free: 34.0 MB
[26.04.2023 12:04:53,026] [main] INFO  org.jgap.gp.impl.GPPopulation  - Prototype program set
[26.04.2023 12:04:53,095] [main] INFO  org.jgap.gp.impl.GPGenotype  - Mem free after creating population: 14.0 MB
[26.04.2023 12:05:19,432] [main] INFO  org.jgap.gp.impl.GPGenotype  - Creating initial population
[26.04.2023 12:05:19,436] [main] INFO  org.jgap.gp.impl.GPGenotype  - Mem free: 34.0 MB
[26.04.2023 12:05:19,442] [main] INFO  org.jgap.gp.impl.GPPopulation  - Prototype program set
[26.04.2023 12:05:19,509] [main] INFO  org.jgap.gp.impl.GPGenotype  - Mem free after creating population: 14.0 MB
[26.04.2023 12:05:33,010] [main] INFO  org.jgap.gp.impl.GPGenotype  - Creating initial population
[26.04.2023 12:05:33,014] [main] INFO  org.jgap.gp.impl.GPGenotype  - Mem free: 34.0 MB
[26.04.2023 12:05:33,020] [main] INFO  org.jgap.gp.impl.GPPopulation  - Prototype program set
[26.04.2023 12:05:33,089] [main] INFO  org.jgap.gp.impl.GPGenotype  - Mem free after creating population: 14.0 MB
[26.04.2023 12:05:33,091] [main] INFO  org.jgap.gp.impl.GPGenotype  - Your configuration does not contain unused commands, this is good
[26.04.2023 12:10:19,289] [main] INFO  org.jgap.gp.impl.GPGenotype  - Creating initial population
[26.04.2023 12:10:19,293] [main] INFO  org.jgap.gp.impl.GPGenotype  - Mem free: 34.0 MB
[26.04.2023 12:10:19,299] [main] INFO  org.jgap.gp.impl.GPPopulation  - Prototype program set
[26.04.2023 12:10:19,351] [main] INFO  org.jgap.gp.impl.GPGenotype  - Mem free after creating population: 14.0 MB
[26.04.2023 12:12:19,744] [main] INFO  org.jgap.gp.impl.GPGenotype  - Creating initial population
[26.04.2023 12:12:19,747] [main] INFO  org.jgap.gp.impl.GPGenotype  - Mem free: 34.0 MB
[26.04.2023 12:12:19,753] [main] INFO  org.jgap.gp.impl.GPPopulation  - Prototype program set
[26.04.2023 12:12:19,808] [main] INFO  org.jgap.gp.impl.GPGenotype  - Mem free after creating population: 14.0 MB
[26.04.2023 12:12:19,809] [main] INFO  org.jgap.gp.impl.GPGenotype  - Your configuration does not contain unused commands, this is good
[26.04.2023 12:20:52,658] [main] INFO  org.jgap.gp.impl.GPGenotype  - Creating initial population
[26.04.2023 12:20:52,661] [main] INFO  org.jgap.gp.impl.GPGenotype  - Mem free: 34.0 MB
[26.04.2023 12:20:52,665] [main] INFO  org.jgap.gp.impl.GPPopulation  - Prototype program set
[26.04.2023 12:20:52,713] [main] INFO  org.jgap.gp.impl.GPGenotype  - Mem free after creating population: 14.0 MB
[26.04.2023 12:20:52,714] [main] INFO  org.jgap.gp.impl.GPGenotype  - Your configuration does not contain unused commands, this is good
[26.04.2023 12:21:53,699] [main] INFO  org.jgap.gp.impl.GPGenotype  - Creating initial population
[26.04.2023 12:21:53,702] [main] INFO  org.jgap.gp.impl.GPGenotype  - Mem free: 28.0 MB
[26.04.2023 12:21:53,706] [main] INFO  org.jgap.gp.impl.GPPopulation  - Prototype program set
[26.04.2023 12:21:53,754] [main] INFO  org.jgap.gp.impl.GPGenotype  - Mem free after creating population: 14.0 MB
[26.04.2023 12:21:53,755] [main] INFO  org.jgap.gp.impl.GPGenotype  - Your configuration does not contain unused commands, this is good
[26.04.2023 12:22:03,463] [main] INFO  org.jgap.gp.impl.GPGenotype  - Creating initial population
[26.04.2023 12:22:03,466] [main] INFO  org.jgap.gp.impl.GPGenotype  - Mem free: 34.0 MB
[26.04.2023 12:22:03,471] [main] INFO  org.jgap.gp.impl.GPPopulation  - Prototype program set
[26.04.2023 12:22:03,518] [main] INFO  org.jgap.gp.impl.GPGenotype  - Mem free after creating population: 14.0 MB
[26.04.2023 12:22:03,519] [main] INFO  org.jgap.gp.impl.GPGenotype  - Your configuration does not contain unused commands, this is good
[26.04.2023 13:06:27,383] [main] INFO  org.jgap.gp.impl.GPGenotype  - Creating initial population
[26.04.2023 13:06:27,385] [main] INFO  org.jgap.gp.impl.GPGenotype  - Mem free: 34.0 MB
[26.04.2023 13:06:27,390] [main] INFO  org.jgap.gp.impl.GPPopulation  - Prototype program set
[26.04.2023 13:06:27,438] [main] INFO  org.jgap.gp.impl.GPGenotype  - Mem free after creating population: 14.0 MB
[26.04.2023 13:06:27,440] [main] INFO  org.jgap.gp.impl.GPGenotype  - Your configuration does not contain unused commands, this is good
[26.04.2023 13:06:42,671] [main] INFO  org.jgap.gp.impl.GPGenotype  - Creating initial population
[26.04.2023 13:06:42,674] [main] INFO  org.jgap.gp.impl.GPGenotype  - Mem free: 34.0 MB
[26.04.2023 13:06:42,678] [main] INFO  org.jgap.gp.impl.GPPopulation  - Prototype program set
[26.04.2023 13:06:42,726] [main] INFO  org.jgap.gp.impl.GPGenotype  - Mem free after creating population: 14.0 MB
[26.04.2023 13:06:42,727] [main] INFO  org.jgap.gp.impl.GPGenotype  - Your configuration does not contain unused commands, this is good
[26.04.2023 13:07:39,438] [main] INFO  org.jgap.gp.impl.GPGenotype  - Creating initial population
[26.04.2023 13:07:39,440] [main] INFO  org.jgap.gp.impl.GPGenotype  - Mem free: 34.0 MB
[26.04.2023 13:07:39,445] [main] INFO  org.jgap.gp.impl.GPPopulation  - Prototype program set
[26.04.2023 13:07:39,493] [main] INFO  org.jgap.gp.impl.GPGenotype  - Mem free after creating population: 14.0 MB
[26.04.2023 13:07:39,494] [main] INFO  org.jgap.gp.impl.GPGenotype  - Your configuration does not contain unused commands, this is good
[26.04.2023 13:07:49,613] [main] INFO  org.jgap.gp.impl.GPGenotype  - Creating initial population
[26.04.2023 13:07:49,615] [main] INFO  org.jgap.gp.impl.GPGenotype  - Mem free: 34.0 MB
[26.04.2023 13:07:49,620] [main] INFO  org.jgap.gp.impl.GPPopulation  - Prototype program set
[26.04.2023 13:07:49,668] [main] INFO  org.jgap.gp.impl.GPGenotype  - Mem free after creating population: 14.0 MB
[26.04.2023 13:07:49,669] [main] INFO  org.jgap.gp.impl.GPGenotype  - Your configuration does not contain unused commands, this is good
[26.04.2023 13:09:07,200] [main] INFO  org.jgap.gp.impl.GPGenotype  - Creating initial population
[26.04.2023 13:09:07,205] [main] INFO  org.jgap.gp.impl.GPGenotype  - Mem free: 28.0 MB
[26.04.2023 13:09:07,212] [main] INFO  org.jgap.gp.impl.GPPopulation  - Prototype program set
[26.04.2023 13:09:07,405] [main] INFO  org.jgap.gp.impl.GPGenotype  - Mem free after creating population: 14.0 MB
[26.04.2023 13:09:07,407] [main] INFO  org.jgap.gp.impl.GPGenotype  - Your configuration does not contain unused commands, this is good
[26.04.2023 13:09:12,614] [main] INFO  org.jgap.gp.impl.GPGenotype  - Creating initial population
[26.04.2023 13:09:12,620] [main] INFO  org.jgap.gp.impl.GPGenotype  - Mem free: 28.0 MB
[26.04.2023 13:09:12,628] [main] INFO  org.jgap.gp.impl.GPPopulation  - Prototype program set
[26.04.2023 13:09:12,808] [main] INFO  org.jgap.gp.impl.GPGenotype  - Mem free after creating population: 14.0 MB
[26.04.2023 13:09:12,810] [main] INFO  org.jgap.gp.impl.GPGenotype  - Your configuration does not contain unused commands, this is good
[26.04.2023 13:09:20,486] [main] INFO  org.jgap.gp.impl.GPGenotype  - Creating initial population
[26.04.2023 13:09:20,491] [main] INFO  org.jgap.gp.impl.GPGenotype  - Mem free: 34.0 MB
[26.04.2023 13:09:20,497] [main] INFO  org.jgap.gp.impl.GPPopulation  - Prototype program set
[26.04.2023 13:09:20,669] [main] INFO  org.jgap.gp.impl.GPGenotype  - Mem free after creating population: 14.0 MB
[26.04.2023 13:09:20,671] [main] INFO  org.jgap.gp.impl.GPGenotype  - Your configuration does not contain unused commands, this is good
[26.04.2023 13:09:28,165] [main] INFO  org.jgap.gp.impl.GPGenotype  - Creating initial population
[26.04.2023 13:09:28,171] [main] INFO  org.jgap.gp.impl.GPGenotype  - Mem free: 34.0 MB
[26.04.2023 13:09:28,178] [main] INFO  org.jgap.gp.impl.GPPopulation  - Prototype program set
[26.04.2023 13:09:28,361] [main] INFO  org.jgap.gp.impl.GPGenotype  - Mem free after creating population: 14.0 MB
[26.04.2023 13:09:28,362] [main] INFO  org.jgap.gp.impl.GPGenotype  - Your configuration does not contain unused commands, this is good
[26.04.2023 13:09:44,324] [main] INFO  org.jgap.gp.impl.GPGenotype  - Creating initial population
[26.04.2023 13:09:44,329] [main] INFO  org.jgap.gp.impl.GPGenotype  - Mem free: 34.0 MB
[26.04.2023 13:09:44,339] [main] INFO  org.jgap.gp.impl.GPPopulation  - Prototype program set
[26.04.2023 13:09:44,528] [main] INFO  org.jgap.gp.impl.GPGenotype  - Mem free after creating population: 14.0 MB
[26.04.2023 13:09:44,529] [main] INFO  org.jgap.gp.impl.GPGenotype  - Your configuration does not contain unused commands, this is good
[26.04.2023 13:09:49,451] [main] INFO  org.jgap.gp.impl.GPGenotype  - Creating initial population
[26.04.2023 13:09:49,456] [main] INFO  org.jgap.gp.impl.GPGenotype  - Mem free: 34.0 MB
[26.04.2023 13:09:49,465] [main] INFO  org.jgap.gp.impl.GPPopulation  - Prototype program set
[26.04.2023 13:09:49,673] [main] INFO  org.jgap.gp.impl.GPGenotype  - Mem free after creating population: 14.0 MB
[26.04.2023 13:09:49,674] [main] INFO  org.jgap.gp.impl.GPGenotype  - Your configuration does not contain unused commands, this is good
[26.04.2023 13:09:53,966] [main] INFO  org.jgap.gp.impl.GPGenotype  - Creating initial population
[26.04.2023 13:09:53,971] [main] INFO  org.jgap.gp.impl.GPGenotype  - Mem free: 34.0 MB
[26.04.2023 13:09:53,979] [main] INFO  org.jgap.gp.impl.GPPopulation  - Prototype program set
[26.04.2023 13:09:54,198] [main] INFO  org.jgap.gp.impl.GPGenotype  - Mem free after creating population: 14.0 MB
[26.04.2023 13:09:54,202] [main] INFO  org.jgap.gp.impl.GPGenotype  - Your configuration does not contain unused commands, this is good
[26.04.2023 13:09:58,702] [main] INFO  org.jgap.gp.impl.GPGenotype  - Creating initial population
[26.04.2023 13:09:58,706] [main] INFO  org.jgap.gp.impl.GPGenotype  - Mem free: 28.0 MB
[26.04.2023 13:09:58,714] [main] INFO  org.jgap.gp.impl.GPPopulation  - Prototype program set
[26.04.2023 13:09:58,908] [main] INFO  org.jgap.gp.impl.GPGenotype  - Mem free after creating population: 14.0 MB
[26.04.2023 13:09:58,909] [main] INFO  org.jgap.gp.impl.GPGenotype  - Your configuration does not contain unused commands, this is good
[26.04.2023 13:10:01,848] [main] INFO  org.jgap.gp.impl.GPGenotype  - Creating initial population
[26.04.2023 13:10:01,853] [main] INFO  org.jgap.gp.impl.GPGenotype  - Mem free: 34.0 MB
[26.04.2023 13:10:01,861] [main] INFO  org.jgap.gp.impl.GPPopulation  - Prototype program set
[26.04.2023 13:10:02,057] [main] INFO  org.jgap.gp.impl.GPGenotype  - Mem free after creating population: 14.0 MB
[26.04.2023 13:10:02,059] [main] INFO  org.jgap.gp.impl.GPGenotype  - Your configuration does not contain unused commands, this is good
